2020-10-13 14:55:22.839 [restartedMain] INFO  com.dw.ss.SpringbootSecurityStudyApplication - Starting SpringbootSecurityStudyApplication on SC-202007141600 with PID 1592 (E:\study\springboot-security-study\target\classes started by Administrator in E:\study\springboot-security-study)
2020-10-13 14:55:22.841 [restartedMain] INFO  com.dw.ss.SpringbootSecurityStudyApplication - The following profiles are active: dev
2020-10-13 14:55:22.900 [restartedMain] INFO  o.s.b.d.env.DevToolsPropertyDefaultsPostProcessor - Devtools property defaults active! Set 'spring.devtools.add-properties' to 'false' to disable
2020-10-13 14:55:22.901 [restartedMain] INFO  o.s.b.d.env.DevToolsPropertyDefaultsPostProcessor - For additional web related logging consider setting the 'logging.level.web' property to 'DEBUG'
2020-10-13 14:55:24.101 [restartedMain] INFO  o.s.boot.web.embedded.tomcat.TomcatWebServer - Tomcat initialized with port(s): 8080 (http)
2020-10-13 14:55:24.110 [restartedMain] INFO  org.apache.coyote.http11.Http11NioProtocol - Initializing ProtocolHandler ["http-nio-192.168.0.117-8080"]
2020-10-13 14:55:24.111 [restartedMain] INFO  org.apache.catalina.core.StandardService - Starting service [Tomcat]
2020-10-13 14:55:24.111 [restartedMain] INFO  org.apache.catalina.core.StandardEngine - Starting Servlet engine: [Apache Tomcat/9.0.38]
2020-10-13 14:55:24.175 [restartedMain] INFO  o.a.c.c.C.[.[.[/springboot-security-study] - Initializing Spring embedded WebApplicationContext
2020-10-13 14:55:24.175 [restartedMain] INFO  o.s.b.w.s.c.ServletWebServerApplicationContext - Root WebApplicationContext: initialization completed in 1274 ms
2020-10-13 14:55:24.530 [restartedMain] INFO  s.d.s.w.PropertySourcedRequestMappingHandlerMapping - Mapped URL path [/v2/api-docs] onto method [springfox.documentation.swagger2.web.Swagger2Controller#getDocumentation(String, HttpServletRequest)]
2020-10-13 14:55:24.604 [restartedMain] INFO  o.s.scheduling.concurrent.ThreadPoolTaskExecutor - Initializing ExecutorService 'applicationTaskExecutor'
2020-10-13 14:55:24.645 [restartedMain] INFO  o.s.b.d.autoconfigure.OptionalLiveReloadServer - LiveReload server is running on port 35729
2020-10-13 14:55:25.007 [restartedMain] INFO  o.s.b.a.s.s.UserDetailsServiceAutoConfiguration - 

Using generated security password: 31d4ae4e-746b-4118-9614-9226e237b1be

2020-10-13 14:55:25.102 [restartedMain] INFO  o.s.security.web.DefaultSecurityFilterChain - Creating filter chain: any request, [org.springframework.security.web.context.request.async.WebAsyncManagerIntegrationFilter@2cdf68d8, org.springframework.security.web.context.SecurityContextPersistenceFilter@41afefe4, org.springframework.security.web.header.HeaderWriterFilter@42724e60, org.springframework.security.web.csrf.CsrfFilter@46f67814, org.springframework.security.web.authentication.logout.LogoutFilter@263cf96, org.springframework.security.web.authentication.UsernamePasswordAuthenticationFilter@1272cba8, org.springframework.security.web.authentication.ui.DefaultLoginPageGeneratingFilter@11675b08, org.springframework.security.web.authentication.ui.DefaultLogoutPageGeneratingFilter@34d5d3e, org.springframework.security.web.authentication.www.BasicAuthenticationFilter@418b7d78, org.springframework.security.web.savedrequest.RequestCacheAwareFilter@7cfaf2ed, org.springframework.security.web.servletapi.SecurityContextHolderAwareRequestFilter@7150b718, org.springframework.security.web.authentication.AnonymousAuthenticationFilter@60985033, org.springframework.security.web.session.SessionManagementFilter@309ea6de, org.springframework.security.web.access.ExceptionTranslationFilter@2d9d4cbc, org.springframework.security.web.access.intercept.FilterSecurityInterceptor@35207df2]
2020-10-13 14:55:25.145 [restartedMain] INFO  org.apache.coyote.http11.Http11NioProtocol - Starting ProtocolHandler ["http-nio-192.168.0.117-8080"]
2020-10-13 14:55:25.164 [restartedMain] INFO  o.s.boot.web.embedded.tomcat.TomcatWebServer - Tomcat started on port(s): 8080 (http) with context path '/springboot-security-study'
2020-10-13 14:55:25.166 [restartedMain] INFO  s.d.s.web.plugins.DocumentationPluginsBootstrapper - Context refreshed
2020-10-13 14:55:25.180 [restartedMain] INFO  s.d.s.web.plugins.DocumentationPluginsBootstrapper - Found 1 custom documentation plugin(s)
2020-10-13 14:55:25.207 [restartedMain] INFO  s.d.spring.web.scanners.ApiListingReferenceScanner - Scanning for api listing references
2020-10-13 14:55:25.226 [restartedMain] INFO  com.dw.ss.SpringbootSecurityStudyApplication - Started SpringbootSecurityStudyApplication in 2.916 seconds (JVM running for 3.612)
2020-10-13 14:56:05.309 [http-nio-192.168.0.117-8080-exec-2] INFO  o.a.c.c.C.[.[.[/springboot-security-study] - Initializing Spring DispatcherServlet 'dispatcherServlet'
2020-10-13 14:56:05.309 [http-nio-192.168.0.117-8080-exec-2] INFO  org.springframework.web.servlet.DispatcherServlet - Initializing Servlet 'dispatcherServlet'
2020-10-13 14:56:05.315 [http-nio-192.168.0.117-8080-exec-2] INFO  org.springframework.web.servlet.DispatcherServlet - Completed initialization in 5 ms
